<?xml version="1.0" encoding="UTF-8"?>
<!-- Generated by org.testng.reporters.JUnitReportReporter -->
<testsuite hostname="DESKTOP-9STP60L" failures="0" tests="3" name="test.ValidateSignUp" time="9.508" errors="0" timestamp="2023-08-06T12:32:34 IST" skipped="0">
  <testcase classname="test.ValidateSignUp" name="validateBuild_A_BearURL" time="0.173">
    <system-out>
      <![CDATA[URL is matching]]>
    </system-out>
  </testcase> <!-- validateBuild_A_BearURL -->
  <testcase classname="test.ValidateSignUp" name="validateSignUpButtonIsDisplayed" time="0.463">
    <system-out>
      <![CDATA[Log In/Sign Up button is displayed]]>
    </system-out>
  </testcase> <!-- validateSignUpButtonIsDisplayed -->
  <testcase classname="test.ValidateSignUp" name="validateSignUp" time="8.872"/>
  <system-out>
    <![CDATA[Launched Build-A-Bear application
URL is matching
Log In/Sign Up button is displayed]]>
  </system-out>
</testsuite> <!-- test.ValidateSignUp -->
