<?xml version="1.0" encoding="UTF-8"?>
<!-- Generated by org.testng.reporters.JUnitReportReporter -->
<testsuite hostname="DESKTOP-9STP60L" failures="0" tests="5" name="test.ValidateLogin" time="25.221" errors="0" timestamp="2023-08-06T19:28:35 IST" skipped="0">
  <testcase classname="test.ValidateLogin" name="validateBuild_A_BearURL" time="0.036">
    <system-out>
      <![CDATA[URL is matching]]>
    </system-out>
  </testcase> <!-- validateBuild_A_BearURL -->
  <testcase classname="test.ValidateLogin" name="validateSignUpButtonIsDisplayed" time="0.114">
    <system-out>
      <![CDATA[Log In/Sign Up button is displayed]]>
    </system-out>
  </testcase> <!-- validateSignUpButtonIsDisplayed -->
  <testcase classname="test.ValidateLogin" name="validatingloginPageURL" time="0.803">
    <system-out>
      <![CDATA[Loginn page URL is matching]]>
    </system-out>
  </testcase> <!-- validatingloginPageURL -->
  <testcase classname="test.ValidateLogin" name="validateSignUpLoginButton" time="0.440"/>
  <testcase classname="test.ValidateLogin" name="validateLogin" time="23.828">
    <system-out>
      <![CDATA[Entering email id
Entering password
Clicking on Log In]]>
    </system-out>
  </testcase> <!-- validateLogin -->
  <system-out>
    <![CDATA[Launched Build-A-Bear application
URL is matching
Log In/Sign Up button is displayed
Loginn page URL is matching
Entering email id
Entering password
Clicking on Log In]]>
  </system-out>
</testsuite> <!-- test.ValidateLogin -->
